<?xml version="1.0" encoding="UTF-8" ?>
<testsuite tests="2" failures="0" name="com.backend.ProductTestCase" time="1.774" errors="0" skipped="2">
  <properties>
[...]
</properties>
  <testcase classname="com.backend.ProductTestCase" name="addProductTestCase" time="0.887">
    <skipped/>
    <system-err>Dec 21, 2018 3:18:58 PM org.springframework.context.support.AbstractApplicationContext prepareRefresh
INFO: Refreshing org.springframework.context.annotation.AnnotationConfigApplicationContext@6c302a1d: startup date [Fri Dec 21 15:18:58 IST 2018]; root of context hierarchy
Dec 21, 2018 3:18:58 PM org.springframework.jdbc.datasource.DriverManagerDataSource setDriverClassName
INFO: Loaded JDBC driver: org.h2.Driver
Dec 21, 2018 3:18:58 PM org.hibernate.dialect.Dialect &lt;init&gt;
INFO: HHH000400: Using dialect: org.hibernate.dialect.H2Dialect
Dec 21, 2018 3:18:59 PM org.springframework.orm.hibernate5.HibernateTransactionManager afterPropertiesSet
INFO: Using DataSource [org.springframework.jdbc.datasource.DriverManagerDataSource@602ae7b6] of Hibernate SessionFactory for HibernateTransactionManager
</system-err>
  </testcase>
  <testcase classname="com.backend.ProductTestCase" name="getProductByCategory" time="0.887">
    <skipped/>
  </testcase>
</testsuite>